c:\users\letra\onedrive\документы\github\bettercivilization\cvgamecoredll_expansion2\buildtemp\vs2013_cvgamecoredll_expansion2modwin32\cvgamecoredll_expansion2win32mod.pch
c:\users\letra\onedrive\документы\github\bettercivilization\cvgamecoredll_expansion2\buildtemp\vs2013_cvgamecoredll_expansion2modwin32\vc141.pdb
c:\users\letra\onedrive\документы\github\bettercivilization\cvgamecoredll_expansion2\buildtemp\vs2013_cvgamecoredll_expansion2modwin32\_precompile.obj
c:\users\letra\onedrive\документы\github\bettercivilization\cvgamecoredll_expansion2\buildtemp\vs2013_cvgamecoredll_expansion2modwin32\cvcitystrategyai.obj
c:\users\letra\onedrive\документы\github\bettercivilization\cvgamecoredll_expansion2\buildtemp\vs2013_cvgamecoredll_expansion2modwin32\cvplayerai.obj
c:\users\letra\onedrive\документы\github\bettercivilization\cvgamecoredll_expansion2\buildtemp\vs2013_cvgamecoredll_expansion2modwin32\cvsiteevaluationclasses.obj
c:\users\letra\onedrive\документы\github\bettercivilization\cvgamecoredll_expansion2\buildtemp\vs2013_cvgamecoredll_expansion2modwin32\cvtradeclasses.obj
c:\users\letra\onedrive\документы\github\bettercivilization\cvgamecoredll_expansion2\buildtemp\vs2013_cvgamecoredll_expansion2modwin32\cvdlldealai.obj
c:\users\letra\onedrive\документы\github\bettercivilization\cvgamecoredll_expansion2\buildtemp\vs2013_cvgamecoredll_expansion2modwin32\cvdllerainfo.obj
c:\users\letra\onedrive\документы\github\bettercivilization\cvgamecoredll_expansion2\buildtemp\vs2013_cvgamecoredll_expansion2modwin32\cvdllhandicapinfo.obj
c:\users\letra\onedrive\документы\github\bettercivilization\cvgamecoredll_expansion2\buildtemp\vs2013_cvgamecoredll_expansion2modwin32\cvdllmap.obj
c:\users\letra\onedrive\документы\github\bettercivilization\cvgamecoredll_expansion2\buildtemp\vs2013_cvgamecoredll_expansion2modwin32\cvdllnetworksyncronization.obj
c:\users\letra\onedrive\документы\github\bettercivilization\cvgamecoredll_expansion2\buildtemp\vs2013_cvgamecoredll_expansion2modwin32\cvdllplayeroptioninfo.obj
c:\users\letra\onedrive\документы\github\bettercivilization\cvgamecoredll_expansion2\buildtemp\vs2013_cvgamecoredll_expansion2modwin32\cvdllrandom.obj
c:\users\letra\onedrive\документы\github\bettercivilization\cvgamecoredll_expansion2\buildtemp\vs2013_cvgamecoredll_expansion2modwin32\cvdlltechinfo.obj
c:\users\letra\onedrive\документы\github\bettercivilization\cvgamecoredll_expansion2\buildtemp\vs2013_cvgamecoredll_expansion2modwin32\cvluaarea.obj
c:\users\letra\onedrive\документы\github\bettercivilization\cvgamecoredll_expansion2\buildtemp\vs2013_cvgamecoredll_expansion2modwin32\cvluagameinfo.obj
c:\users\letra\onedrive\документы\github\bettercivilization\cvgamecoredll_expansion2\buildtemp\vs2013_cvgamecoredll_expansion2modwin32\cvaioperation.obj
c:\users\letra\onedrive\документы\github\bettercivilization\cvgamecoredll_expansion2\buildtemp\vs2013_cvgamecoredll_expansion2modwin32\cvnotificationclasses.obj
c:\users\letra\onedrive\документы\github\bettercivilization\cvgamecoredll_expansion2\buildtemp\vs2013_cvgamecoredll_expansion2modwin32\cvplot.obj
c:\users\letra\onedrive\документы\github\bettercivilization\cvgamecoredll_expansion2\buildtemp\vs2013_cvgamecoredll_expansion2modwin32\cvdllbuildinfo.obj
c:\users\letra\onedrive\документы\github\bettercivilization\cvgamecoredll_expansion2\buildtemp\vs2013_cvgamecoredll_expansion2modwin32\cvdllcity.obj
c:\users\letra\onedrive\документы\github\bettercivilization\cvgamecoredll_expansion2\buildtemp\vs2013_cvgamecoredll_expansion2modwin32\cvdllcolorinfo.obj
c:\users\letra\onedrive\документы\github\bettercivilization\cvgamecoredll_expansion2\buildtemp\vs2013_cvgamecoredll_expansion2modwin32\cvdlldeal.obj
c:\users\letra\onedrive\документы\github\bettercivilization\cvgamecoredll_expansion2\buildtemp\vs2013_cvgamecoredll_expansion2modwin32\cvdllfeatureinfo.obj
c:\users\letra\onedrive\документы\github\bettercivilization\cvgamecoredll_expansion2\buildtemp\vs2013_cvgamecoredll_expansion2modwin32\cvdllgameoptioninfo.obj
c:\users\letra\onedrive\документы\github\bettercivilization\cvgamecoredll_expansion2\buildtemp\vs2013_cvgamecoredll_expansion2modwin32\cvdllimprovementinfo.obj
c:\users\letra\onedrive\документы\github\bettercivilization\cvgamecoredll_expansion2\buildtemp\vs2013_cvgamecoredll_expansion2modwin32\cvdllnetinitinfo.obj
c:\users\letra\onedrive\документы\github\bettercivilization\cvgamecoredll_expansion2\buildtemp\vs2013_cvgamecoredll_expansion2modwin32\cvdllworldinfo.obj
c:\users\letra\onedrive\документы\github\bettercivilization\cvgamecoredll_expansion2\buildtemp\vs2013_cvgamecoredll_expansion2modwin32\cvluaplayer.obj
c:\users\letra\onedrive\документы\github\bettercivilization\cvgamecoredll_expansion2\buildtemp\vs2013_cvgamecoredll_expansion2modwin32\cvcitymanager.obj
c:\users\letra\onedrive\документы\github\bettercivilization\cvgamecoredll_expansion2\buildtemp\vs2013_cvgamecoredll_expansion2modwin32\cvdiplomacyai.obj
c:\users\letra\onedrive\документы\github\bettercivilization\cvgamecoredll_expansion2\buildtemp\vs2013_cvgamecoredll_expansion2modwin32\cvcityspecializationai.obj
c:\users\letra\onedrive\документы\github\bettercivilization\cvgamecoredll_expansion2\buildtemp\vs2013_cvgamecoredll_expansion2modwin32\cvminorcivai.obj
c:\users\letra\onedrive\документы\github\bettercivilization\cvgamecoredll_expansion2\buildtemp\vs2013_cvgamecoredll_expansion2modwin32\cvworldbuildermaploader.obj
c:\users\letra\onedrive\документы\github\bettercivilization\cvgamecoredll_expansion2\buildtemp\vs2013_cvgamecoredll_expansion2modwin32\cvdllgame.obj
c:\users\letra\onedrive\документы\github\bettercivilization\cvgamecoredll_expansion2\buildtemp\vs2013_cvgamecoredll_expansion2modwin32\cvdllmissiondata.obj
c:\users\letra\onedrive\документы\github\bettercivilization\cvgamecoredll_expansion2\buildtemp\vs2013_cvgamecoredll_expansion2modwin32\cvdllplayer.obj
c:\users\letra\onedrive\документы\github\bettercivilization\cvgamecoredll_expansion2\buildtemp\vs2013_cvgamecoredll_expansion2modwin32\cvdllplot.obj
c:\users\letra\onedrive\документы\github\bettercivilization\cvgamecoredll_expansion2\buildtemp\vs2013_cvgamecoredll_expansion2modwin32\cvdllscriptsystemutility.obj
c:\users\letra\onedrive\документы\github\bettercivilization\cvgamecoredll_expansion2\buildtemp\vs2013_cvgamecoredll_expansion2modwin32\cvlualeague.obj
c:\users\letra\onedrive\документы\github\bettercivilization\cvgamecoredll_expansion2\buildtemp\vs2013_cvgamecoredll_expansion2modwin32\cvbarbarians.obj
c:\users\letra\onedrive\документы\github\bettercivilization\cvgamecoredll_expansion2\buildtemp\vs2013_cvgamecoredll_expansion2modwin32\cvdealclasses.obj
c:\users\letra\onedrive\документы\github\bettercivilization\cvgamecoredll_expansion2\buildtemp\vs2013_cvgamecoredll_expansion2modwin32\cvpolicyclasses.obj
c:\users\letra\onedrive\документы\github\bettercivilization\cvgamecoredll_expansion2\buildtemp\vs2013_cvgamecoredll_expansion2modwin32\cvtreasury.obj
c:\users\letra\onedrive\документы\github\bettercivilization\cvgamecoredll_expansion2\buildtemp\vs2013_cvgamecoredll_expansion2modwin32\cvunitmission.obj
c:\users\letra\onedrive\документы\github\bettercivilization\cvgamecoredll_expansion2\buildtemp\vs2013_cvgamecoredll_expansion2modwin32\cvdllgameasynch.obj
c:\users\letra\onedrive\документы\github\bettercivilization\cvgamecoredll_expansion2\buildtemp\vs2013_cvgamecoredll_expansion2modwin32\cvdllinterfacemodeinfo.obj
c:\users\letra\onedrive\документы\github\bettercivilization\cvgamecoredll_expansion2\buildtemp\vs2013_cvgamecoredll_expansion2modwin32\cvdllmissioninfo.obj
c:\users\letra\onedrive\документы\github\bettercivilization\cvgamecoredll_expansion2\buildtemp\vs2013_cvgamecoredll_expansion2modwin32\cvdllplayercolorinfo.obj
c:\users\letra\onedrive\документы\github\bettercivilization\cvgamecoredll_expansion2\buildtemp\vs2013_cvgamecoredll_expansion2modwin32\cvdllpromotioninfo.obj
c:\users\letra\onedrive\документы\github\bettercivilization\cvgamecoredll_expansion2\buildtemp\vs2013_cvgamecoredll_expansion2modwin32\cvdllunit.obj
c:\users\letra\onedrive\документы\github\bettercivilization\cvgamecoredll_expansion2\buildtemp\vs2013_cvgamecoredll_expansion2modwin32\cvluacity.obj
c:\users\letra\onedrive\документы\github\bettercivilization\cvgamecoredll_expansion2\buildtemp\vs2013_cvgamecoredll_expansion2modwin32\cvarea.obj
c:\users\letra\onedrive\документы\github\bettercivilization\cvgamecoredll_expansion2\buildtemp\vs2013_cvgamecoredll_expansion2modwin32\cvcultureclasses.obj
c:\users\letra\onedrive\документы\github\bettercivilization\cvgamecoredll_expansion2\buildtemp\vs2013_cvgamecoredll_expansion2modwin32\cvstartpositioner.obj
c:\users\letra\onedrive\документы\github\bettercivilization\cvgamecoredll_expansion2\buildtemp\vs2013_cvgamecoredll_expansion2modwin32\cvunitcombat.obj
c:\users\letra\onedrive\документы\github\bettercivilization\cvgamecoredll_expansion2\buildtemp\vs2013_cvgamecoredll_expansion2modwin32\cvdllcontext.obj
c:\users\letra\onedrive\документы\github\bettercivilization\cvgamecoredll_expansion2\buildtemp\vs2013_cvgamecoredll_expansion2modwin32\cvluasupport.obj
c:\users\letra\onedrive\документы\github\bettercivilization\cvgamecoredll_expansion2\buildtemp\vs2013_cvgamecoredll_expansion2modwin32\cvcitycitizens.obj
c:\users\letra\onedrive\документы\github\bettercivilization\cvgamecoredll_expansion2\buildtemp\vs2013_cvgamecoredll_expansion2modwin32\cvemphasisclasses.obj
c:\users\letra\onedrive\документы\github\bettercivilization\cvgamecoredll_expansion2\buildtemp\vs2013_cvgamecoredll_expansion2modwin32\cvgamecoredll.obj
c:\users\letra\onedrive\документы\github\bettercivilization\cvgamecoredll_expansion2\buildtemp\vs2013_cvgamecoredll_expansion2modwin32\cvinfos.obj
c:\users\letra\onedrive\документы\github\bettercivilization\cvgamecoredll_expansion2\buildtemp\vs2013_cvgamecoredll_expansion2modwin32\cvprocessproductionai.obj
c:\users\letra\onedrive\документы\github\bettercivilization\cvgamecoredll_expansion2\buildtemp\vs2013_cvgamecoredll_expansion2modwin32\cvreligionclasses.obj
c:\users\letra\onedrive\документы\github\bettercivilization\cvgamecoredll_expansion2\buildtemp\vs2013_cvgamecoredll_expansion2modwin32\cvwonderproductionai.obj
c:\users\letra\onedrive\документы\github\bettercivilization\cvgamecoredll_expansion2\buildtemp\vs2013_cvgamecoredll_expansion2modwin32\cvdllcombatinfo.obj
c:\users\letra\onedrive\документы\github\bettercivilization\cvgamecoredll_expansion2\buildtemp\vs2013_cvgamecoredll_expansion2modwin32\cvdlldlcpackageinfo.obj
c:\users\letra\onedrive\документы\github\bettercivilization\cvgamecoredll_expansion2\buildtemp\vs2013_cvgamecoredll_expansion2modwin32\cvdllgamespeedinfo.obj
c:\users\letra\onedrive\документы\github\bettercivilization\cvgamecoredll_expansion2\buildtemp\vs2013_cvgamecoredll_expansion2modwin32\cvdllleaderheadinfo.obj
c:\users\letra\onedrive\документы\github\bettercivilization\cvgamecoredll_expansion2\buildtemp\vs2013_cvgamecoredll_expansion2modwin32\cvdllnetmessagehandler.obj
c:\users\letra\onedrive\документы\github\bettercivilization\cvgamecoredll_expansion2\buildtemp\vs2013_cvgamecoredll_expansion2modwin32\cvdllvictoryinfo.obj
c:\users\letra\onedrive\документы\github\bettercivilization\cvgamecoredll_expansion2\buildtemp\vs2013_cvgamecoredll_expansion2modwin32\cvluagame.obj
c:\users\letra\onedrive\документы\github\bettercivilization\cvgamecoredll_expansion2\buildtemp\vs2013_cvgamecoredll_expansion2modwin32\cvadvisorrecommender.obj
c:\users\letra\onedrive\документы\github\bettercivilization\cvgamecoredll_expansion2\buildtemp\vs2013_cvgamecoredll_expansion2modwin32\cvespionageclasses.obj
c:\users\letra\onedrive\документы\github\bettercivilization\cvgamecoredll_expansion2\buildtemp\vs2013_cvgamecoredll_expansion2modwin32\cvstructs.obj
c:\users\letra\onedrive\документы\github\bettercivilization\cvgamecoredll_expansion2\buildtemp\vs2013_cvgamecoredll_expansion2modwin32\cvtypes.obj
c:\users\letra\onedrive\документы\github\bettercivilization\cvgamecoredll_expansion2\buildtemp\vs2013_cvgamecoredll_expansion2modwin32\cvdllminorcivinfo.obj
c:\users\letra\onedrive\документы\github\bettercivilization\cvgamecoredll_expansion2\buildtemp\vs2013_cvgamecoredll_expansion2modwin32\cvdllpathfinderupdate.obj
c:\users\letra\onedrive\документы\github\bettercivilization\cvgamecoredll_expansion2\buildtemp\vs2013_cvgamecoredll_expansion2modwin32\cvdllresourceinfo.obj
c:\users\letra\onedrive\документы\github\bettercivilization\cvgamecoredll_expansion2\buildtemp\vs2013_cvgamecoredll_expansion2modwin32\cvdllunitinfo.obj
c:\users\letra\onedrive\документы\github\bettercivilization\cvgamecoredll_expansion2\buildtemp\vs2013_cvgamecoredll_expansion2modwin32\cvluamap.obj
c:\users\letra\onedrive\документы\github\bettercivilization\cvgamecoredll_expansion2\buildtemp\vs2013_cvgamecoredll_expansion2modwin32\cvcityai.obj
c:\users\letra\onedrive\документы\github\bettercivilization\cvgamecoredll_expansion2\buildtemp\vs2013_cvgamecoredll_expansion2modwin32\cvgame.obj
c:\users\letra\onedrive\документы\github\bettercivilization\cvgamecoredll_expansion2\buildtemp\vs2013_cvgamecoredll_expansion2modwin32\cvluaunit.obj
c:\users\letra\onedrive\документы\github\bettercivilization\cvgamecoredll_expansion2\buildtemp\vs2013_cvgamecoredll_expansion2modwin32\cvbuildertaskingai.obj
c:\users\letra\onedrive\документы\github\bettercivilization\cvgamecoredll_expansion2\buildtemp\vs2013_cvgamecoredll_expansion2modwin32\cvgrandstrategyai.obj
c:\users\letra\onedrive\документы\github\bettercivilization\cvgamecoredll_expansion2\buildtemp\vs2013_cvgamecoredll_expansion2modwin32\cvpolicyai.obj
c:\users\letra\onedrive\документы\github\bettercivilization\cvgamecoredll_expansion2\buildtemp\vs2013_cvgamecoredll_expansion2modwin32\cvprojectproductionai.obj
c:\users\letra\onedrive\документы\github\bettercivilization\cvgamecoredll_expansion2\buildtemp\vs2013_cvgamecoredll_expansion2modwin32\cvstopwatch.obj
c:\users\letra\onedrive\документы\github\bettercivilization\cvgamecoredll_expansion2\buildtemp\vs2013_cvgamecoredll_expansion2modwin32\cvtechclasses.obj
c:\users\letra\onedrive\документы\github\bettercivilization\cvgamecoredll_expansion2\buildtemp\vs2013_cvgamecoredll_expansion2modwin32\cvunitcycler.obj
c:\users\letra\onedrive\документы\github\bettercivilization\cvgamecoredll_expansion2\buildtemp\vs2013_cvgamecoredll_expansion2modwin32\cvunitmovement.obj
c:\users\letra\onedrive\документы\github\bettercivilization\cvgamecoredll_expansion2\buildtemp\vs2013_cvgamecoredll_expansion2modwin32\cvvotingclasses.obj
c:\users\letra\onedrive\документы\github\bettercivilization\cvgamecoredll_expansion2\buildtemp\vs2013_cvgamecoredll_expansion2modwin32\cvarmyai.obj
c:\users\letra\onedrive\документы\github\bettercivilization\cvgamecoredll_expansion2\buildtemp\vs2013_cvgamecoredll_expansion2modwin32\cvdealai.obj
c:\users\letra\onedrive\документы\github\bettercivilization\cvgamecoredll_expansion2\buildtemp\vs2013_cvgamecoredll_expansion2modwin32\cvimprovementclasses.obj
c:\users\letra\onedrive\документы\github\bettercivilization\cvgamecoredll_expansion2\buildtemp\vs2013_cvgamecoredll_expansion2modwin32\cvplayermanager.obj
c:\users\letra\onedrive\документы\github\bettercivilization\cvgamecoredll_expansion2\buildtemp\vs2013_cvgamecoredll_expansion2modwin32\cvplotmanager.obj
c:\users\letra\onedrive\документы\github\bettercivilization\cvgamecoredll_expansion2\buildtemp\vs2013_cvgamecoredll_expansion2modwin32\cvpopupinfoserialization.obj
c:\users\letra\onedrive\документы\github\bettercivilization\cvgamecoredll_expansion2\buildtemp\vs2013_cvgamecoredll_expansion2modwin32\cvprojectclasses.obj
c:\users\letra\onedrive\документы\github\bettercivilization\cvgamecoredll_expansion2\buildtemp\vs2013_cvgamecoredll_expansion2modwin32\cvreplaymessage.obj
c:\users\letra\onedrive\документы\github\bettercivilization\cvgamecoredll_expansion2\buildtemp\vs2013_cvgamecoredll_expansion2modwin32\cvtacticalai.obj
c:\users\letra\onedrive\документы\github\bettercivilization\cvgamecoredll_expansion2\buildtemp\vs2013_cvgamecoredll_expansion2modwin32\cvluateamtech.obj
c:\users\letra\onedrive\документы\github\bettercivilization\cvgamecoredll_expansion2\buildtemp\vs2013_cvgamecoredll_expansion2modwin32\cvbuildingclasses.obj
c:\users\letra\onedrive\документы\github\bettercivilization\cvgamecoredll_expansion2\buildtemp\vs2013_cvgamecoredll_expansion2modwin32\cvmap.obj
c:\users\letra\onedrive\документы\github\bettercivilization\cvgamecoredll_expansion2\buildtemp\vs2013_cvgamecoredll_expansion2modwin32\cvpromotionclasses.obj
c:\users\letra\onedrive\документы\github\bettercivilization\cvgamecoredll_expansion2\buildtemp\vs2013_cvgamecoredll_expansion2modwin32\cvteam.obj
c:\users\letra\onedrive\документы\github\bettercivilization\cvgamecoredll_expansion2\buildtemp\vs2013_cvgamecoredll_expansion2modwin32\cvluateam.obj
c:\users\letra\onedrive\документы\github\bettercivilization\cvgamecoredll_expansion2\buildtemp\vs2013_cvgamecoredll_expansion2modwin32\cvbuildingproductionai.obj
c:\users\letra\onedrive\документы\github\bettercivilization\cvgamecoredll_expansion2\buildtemp\vs2013_cvgamecoredll_expansion2modwin32\cveconomicai.obj
c:\users\letra\onedrive\документы\github\bettercivilization\cvgamecoredll_expansion2\buildtemp\vs2013_cvgamecoredll_expansion2modwin32\cvreplayinfo.obj
c:\users\letra\onedrive\документы\github\bettercivilization\cvgamecoredll_expansion2\buildtemp\vs2013_cvgamecoredll_expansion2modwin32\cvdllterraininfo.obj
c:\users\letra\onedrive\документы\github\bettercivilization\cvgamecoredll_expansion2\buildtemp\vs2013_cvgamecoredll_expansion2modwin32\cvluafractal.obj
c:\users\letra\onedrive\документы\github\bettercivilization\cvgamecoredll_expansion2\buildtemp\vs2013_cvgamecoredll_expansion2modwin32\cvluaplot.obj
c:\users\letra\onedrive\документы\github\bettercivilization\cvgamecoredll_expansion2\buildtemp\vs2013_cvgamecoredll_expansion2modwin32\cvcityconnections.obj
c:\users\letra\onedrive\документы\github\bettercivilization\cvgamecoredll_expansion2\buildtemp\vs2013_cvgamecoredll_expansion2modwin32\cvdiplomacyrequests.obj
c:\users\letra\onedrive\документы\github\bettercivilization\cvgamecoredll_expansion2\buildtemp\vs2013_cvgamecoredll_expansion2modwin32\cvgametextmgr.obj
c:\users\letra\onedrive\документы\github\bettercivilization\cvgamecoredll_expansion2\buildtemp\vs2013_cvgamecoredll_expansion2modwin32\cvmapgenerator.obj
c:\users\letra\onedrive\документы\github\bettercivilization\cvgamecoredll_expansion2\buildtemp\vs2013_cvgamecoredll_expansion2modwin32\cvnotifications.obj
c:\users\letra\onedrive\документы\github\bettercivilization\cvgamecoredll_expansion2\buildtemp\vs2013_cvgamecoredll_expansion2modwin32\cvpopupreturn.obj
c:\users\letra\onedrive\документы\github\bettercivilization\cvgamecoredll_expansion2\buildtemp\vs2013_cvgamecoredll_expansion2modwin32\cvrandom.obj
c:\users\letra\onedrive\документы\github\bettercivilization\cvgamecoredll_expansion2\buildtemp\vs2013_cvgamecoredll_expansion2modwin32\cvtechai.obj
c:\users\letra\onedrive\документы\github\bettercivilization\cvgamecoredll_expansion2\buildtemp\vs2013_cvgamecoredll_expansion2modwin32\cvunitclasses.obj
c:\users\letra\onedrive\документы\github\bettercivilization\cvgamecoredll_expansion2\buildtemp\vs2013_cvgamecoredll_expansion2modwin32\cvunitproductionai.obj
c:\users\letra\onedrive\документы\github\bettercivilization\cvgamecoredll_expansion2\buildtemp\vs2013_cvgamecoredll_expansion2modwin32\cvdllbuildinginfo.obj
c:\users\letra\onedrive\документы\github\bettercivilization\cvgamecoredll_expansion2\buildtemp\vs2013_cvgamecoredll_expansion2modwin32\cvdllcivilizationinfo.obj
c:\users\letra\onedrive\документы\github\bettercivilization\cvgamecoredll_expansion2\buildtemp\vs2013_cvgamecoredll_expansion2modwin32\cvdlldatabaseutility.obj
c:\users\letra\onedrive\документы\github\bettercivilization\cvgamecoredll_expansion2\buildtemp\vs2013_cvgamecoredll_expansion2modwin32\cvadvisorcounsel.obj
c:\users\letra\onedrive\документы\github\bettercivilization\cvgamecoredll_expansion2\buildtemp\vs2013_cvgamecoredll_expansion2modwin32\cvpregame.obj
c:\users\letra\onedrive\документы\github\bettercivilization\cvgamecoredll_expansion2\buildtemp\vs2013_cvgamecoredll_expansion2modwin32\cvcity.obj
c:\users\letra\onedrive\документы\github\bettercivilization\cvgamecoredll_expansion2\buildtemp\vs2013_cvgamecoredll_expansion2modwin32\cvdllpolicyinfo.obj
c:\users\letra\onedrive\документы\github\bettercivilization\cvgamecoredll_expansion2\buildtemp\vs2013_cvgamecoredll_expansion2modwin32\cvdllteam.obj
c:\users\letra\onedrive\документы\github\bettercivilization\cvgamecoredll_expansion2\buildtemp\vs2013_cvgamecoredll_expansion2modwin32\cvdllworldbuildermaploader.obj
c:\users\letra\onedrive\документы\github\bettercivilization\cvgamecoredll_expansion2\buildtemp\vs2013_cvgamecoredll_expansion2modwin32\cvluadeal.obj
c:\users\letra\onedrive\документы\github\bettercivilization\cvgamecoredll_expansion2\buildtemp\vs2013_cvgamecoredll_expansion2modwin32\cvbeliefclasses.obj
c:\users\letra\onedrive\документы\github\bettercivilization\cvgamecoredll_expansion2\buildtemp\vs2013_cvgamecoredll_expansion2modwin32\cvglobals.obj
c:\users\letra\onedrive\документы\github\bettercivilization\cvgamecoredll_expansion2\buildtemp\vs2013_cvgamecoredll_expansion2modwin32\cvachievementunlocker.obj
c:\users\letra\onedrive\документы\github\bettercivilization\cvgamecoredll_expansion2\buildtemp\vs2013_cvgamecoredll_expansion2modwin32\cvdatabaseutility.obj
c:\users\letra\onedrive\документы\github\bettercivilization\cvgamecoredll_expansion2\buildtemp\vs2013_cvgamecoredll_expansion2modwin32\cvflavormanager.obj
c:\users\letra\onedrive\документы\github\bettercivilization\cvgamecoredll_expansion2\buildtemp\vs2013_cvgamecoredll_expansion2modwin32\cvgamecoreutils.obj
c:\users\letra\onedrive\документы\github\bettercivilization\cvgamecoredll_expansion2\buildtemp\vs2013_cvgamecoredll_expansion2modwin32\cvinternalgamecoreutils.obj
c:\users\letra\onedrive\документы\github\bettercivilization\cvgamecoredll_expansion2\buildtemp\vs2013_cvgamecoredll_expansion2modwin32\cvmilitaryai.obj
c:\users\letra\onedrive\документы\github\bettercivilization\cvgamecoredll_expansion2\buildtemp\vs2013_cvgamecoredll_expansion2modwin32\cvtacticalanalysismap.obj
c:\users\letra\onedrive\документы\github\bettercivilization\cvgamecoredll_expansion2\buildtemp\vs2013_cvgamecoredll_expansion2modwin32\cvunit.obj
c:\users\letra\onedrive\документы\github\bettercivilization\cvgamecoredll_expansion2\buildtemp\vs2013_cvgamecoredll_expansion2modwin32\cvtargeting.obj
c:\users\letra\onedrive\документы\github\bettercivilization\cvgamecoredll_expansion2\buildtemp\vs2013_cvgamecoredll_expansion2modwin32\cvdangerplots.obj
c:\users\letra\onedrive\документы\github\bettercivilization\cvgamecoredll_expansion2\buildtemp\vs2013_cvgamecoredll_expansion2modwin32\cvgamecoreenumserialization.obj
c:\users\letra\onedrive\документы\github\bettercivilization\cvgamecoredll_expansion2\buildtemp\vs2013_cvgamecoredll_expansion2modwin32\cvgoodyhuts.obj
c:\users\letra\onedrive\документы\github\bettercivilization\cvgamecoredll_expansion2\buildtemp\vs2013_cvgamecoredll_expansion2modwin32\cvhomelandai.obj
c:\users\letra\onedrive\документы\github\bettercivilization\cvgamecoredll_expansion2\buildtemp\vs2013_cvgamecoredll_expansion2modwin32\cvtraitclasses.obj
c:\users\letra\onedrive\документы\github\bettercivilization\cvgamecoredll_expansion2\buildtemp\vs2013_cvgamecoredll_expansion2modwin32\cvdlldiplomacyai.obj
c:\users\letra\onedrive\документы\github\bettercivilization\cvgamecoredll_expansion2\buildtemp\vs2013_cvgamecoredll_expansion2modwin32\cvdllgamedeals.obj
c:\users\letra\onedrive\документы\github\bettercivilization\cvgamecoredll_expansion2\buildtemp\vs2013_cvgamecoredll_expansion2modwin32\cvdllnetloadgameinfo.obj
c:\users\letra\onedrive\документы\github\bettercivilization\cvgamecoredll_expansion2\buildtemp\vs2013_cvgamecoredll_expansion2modwin32\cvdllpregame.obj
c:\users\letra\onedrive\документы\github\bettercivilization\cvgamecoredll_expansion2\buildtemp\vs2013_cvgamecoredll_expansion2modwin32\cvdllunitcombatclassinfo.obj
c:\users\letra\onedrive\документы\github\bettercivilization\cvgamecoredll_expansion2\buildtemp\vs2013_cvgamecoredll_expansion2modwin32\cvluaargshandle.obj
c:\users\letra\onedrive\документы\github\bettercivilization\cvgamecoredll_expansion2\buildtemp\vs2013_cvgamecoredll_expansion2modwin32\cvluaenums.obj
c:\users\letra\onedrive\документы\github\bettercivilization\cvgamecoredll_expansion2\buildtemp\vs2013_cvgamecoredll_expansion2modwin32\cvastar.obj
c:\users\letra\onedrive\документы\github\bettercivilization\cvgamecoredll_expansion2\buildtemp\vs2013_cvgamecoredll_expansion2modwin32\cvfractal.obj
c:\users\letra\onedrive\документы\github\bettercivilization\cvgamecoredll_expansion2\buildtemp\vs2013_cvgamecoredll_expansion2modwin32\cvgamequeries.obj
c:\users\letra\onedrive\документы\github\bettercivilization\cvgamecoredll_expansion2\buildtemp\vs2013_cvgamecoredll_expansion2modwin32\cvinfosserializationhelper.obj
c:\users\letra\onedrive\документы\github\bettercivilization\cvgamecoredll_expansion2\buildtemp\vs2013_cvgamecoredll_expansion2modwin32\cvplayer.obj
c:\users\letra\onedrive\документы\github\bettercivilization\cvgamecoredll_expansion2\buildtemp\vs2013_cvgamecoredll_expansion2modwin32\fautovariablebase_compat.obj
c:\users\letra\onedrive\документы\github\bettercivilization\cvgamecoredll_expansion2\buildoutput\vs2013_modwin32\cvgamecoredll_expansion2win32mod.lib
c:\users\letra\onedrive\документы\github\bettercivilization\cvgamecoredll_expansion2\buildoutput\vs2013_modwin32\cvgamecoredll_expansion2win32mod.exp
c:\users\letra\onedrive\документы\github\bettercivilization\cvgamecoredll_expansion2\buildoutput\vs2013_modwin32\cvgamecoredll_expansion2win32mod.dll
c:\users\letra\onedrive\документы\github\bettercivilization\cvgamecoredll_expansion2\buildoutput\vs2013_modwin32\cvgamecoredll_expansion2win32mod.pdb
c:\users\letra\onedrive\документы\github\bettercivilization\cvgamecoredll_expansion2\buildtemp\vs2013_cvgamecoredll_expansion2modwin32\cvgamecoredll.res
c:\users\letra\onedrive\документы\github\bettercivilization\cvgamecoredll_expansion2\\buildoutput\vs2013_modwin32\cvgamecoredll_expansion2win32mod.pdb
c:\users\letra\onedrive\документы\github\bettercivilization\cvgamecoredll_expansion2\\buildoutput\vs2013_modwin32\cvgamecoredll_expansion2win32mod.dll
c:\users\letra\onedrive\документы\github\bettercivilization\cvgamecoredll_expansion2\buildtemp\vs2013_cvgamecoredll_expansion2modwin32\cvgameco.f58f230d.tlog\cl.command.1.tlog
c:\users\letra\onedrive\документы\github\bettercivilization\cvgamecoredll_expansion2\buildtemp\vs2013_cvgamecoredll_expansion2modwin32\cvgameco.f58f230d.tlog\cl.read.1.tlog
c:\users\letra\onedrive\документы\github\bettercivilization\cvgamecoredll_expansion2\buildtemp\vs2013_cvgamecoredll_expansion2modwin32\cvgameco.f58f230d.tlog\cl.write.1.tlog
c:\users\letra\onedrive\документы\github\bettercivilization\cvgamecoredll_expansion2\buildtemp\vs2013_cvgamecoredll_expansion2modwin32\cvgameco.f58f230d.tlog\cvgamecoredll_expansion2.write.1u.tlog
c:\users\letra\onedrive\документы\github\bettercivilization\cvgamecoredll_expansion2\buildtemp\vs2013_cvgamecoredll_expansion2modwin32\cvgameco.f58f230d.tlog\link.command.1.tlog
c:\users\letra\onedrive\документы\github\bettercivilization\cvgamecoredll_expansion2\buildtemp\vs2013_cvgamecoredll_expansion2modwin32\cvgameco.f58f230d.tlog\link.read.1.tlog
c:\users\letra\onedrive\документы\github\bettercivilization\cvgamecoredll_expansion2\buildtemp\vs2013_cvgamecoredll_expansion2modwin32\cvgameco.f58f230d.tlog\link.write.1.tlog
c:\users\letra\onedrive\документы\github\bettercivilization\cvgamecoredll_expansion2\buildtemp\vs2013_cvgamecoredll_expansion2modwin32\cvgameco.f58f230d.tlog\rc.command.1.tlog
c:\users\letra\onedrive\документы\github\bettercivilization\cvgamecoredll_expansion2\buildtemp\vs2013_cvgamecoredll_expansion2modwin32\cvgameco.f58f230d.tlog\rc.read.1.tlog
c:\users\letra\onedrive\документы\github\bettercivilization\cvgamecoredll_expansion2\buildtemp\vs2013_cvgamecoredll_expansion2modwin32\cvgameco.f58f230d.tlog\rc.write.1.tlog
